生成启动时间为 2014/7/24 23:29:37。
     1>项目“E:\Programs\Test\A embedded image processing platform\A PC image processing algorithms library\A PC image processing algorithms library\A PC image processing algorithms library.vcxproj”在节点 2 上(build 个目标)。
     1>PrepareForBuild:
         正在创建目录“E:\Programs\Test\A embedded image processing platform\A PC image processing algorithms library\Debug\”。
       InitializeBuildStatus:
         正在创建“Debug\A PC image processing algorithms library.unsuccessfulbuild”，因为已指定“AlwaysCreate”。
       ClCompile:
         C:\Software\visualstdio\VC\bin\CL.exe /c /ZI /nologo /W3 /WX- /Od /Oy- /D WIN32 /D _DEBUG /D _CONSOLE /D _UNICODE /D UNICODE /Gm /EHsc /RTC1 /MDd /GS /fp:precise /Zc:wchar_t /Zc:forScope /Fo"Debug\\" /Fd"Debug\vc100.pdb" /Gd /TP /analyze- /errorReport:prompt test.cpp
         test.cpp
     1>e:\programs\test\a embedded image processing platform\a pc image processing algorithms library\a pc image processing algorithms library\test.cpp(27): warning C4996: 'fopen': This function or variable may be unsafe. Consider using fopen_s instead. To disable deprecation, use _CRT_SECURE_NO_WARNINGS. See online help for details.
                 c:\software\visualstdio\vc\include\stdio.h(234) : 参见“fopen”的声明
     1>e:\programs\test\a embedded image processing platform\a pc image processing algorithms library\a pc image processing algorithms library\test.cpp(76): warning C4996: 'fopen': This function or variable may be unsafe. Consider using fopen_s instead. To disable deprecation, use _CRT_SECURE_NO_WARNINGS. See online help for details.
                 c:\software\visualstdio\vc\include\stdio.h(234) : 参见“fopen”的声明
     1>e:\programs\test\a embedded image processing platform\a pc image processing algorithms library\a pc image processing algorithms library\test.cpp(98): warning C4996: 'fscanf': This function or variable may be unsafe. Consider using fscanf_s instead. To disable deprecation, use _CRT_SECURE_NO_WARNINGS. See online help for details.
                 c:\software\visualstdio\vc\include\stdio.h(253) : 参见“fscanf”的声明
     1>e:\programs\test\a embedded image processing platform\a pc image processing algorithms library\a pc image processing algorithms library\test.cpp(150): warning C4996: 'itoa': The POSIX name for this item is deprecated. Instead, use the ISO C++ conformant name: _itoa. See online help for details.
                 c:\software\visualstdio\vc\include\stdlib.h(867) : 参见“itoa”的声明
     1>e:\programs\test\a embedded image processing platform\a pc image processing algorithms library\a pc image processing algorithms library\test.cpp(151): warning C4996: 'strcat': This function or variable may be unsafe. Consider using strcat_s instead. To disable deprecation, use _CRT_SECURE_NO_WARNINGS. See online help for details.
                 c:\software\visualstdio\vc\include\string.h(110) : 参见“strcat”的声明
     1>e:\programs\test\a embedded image processing platform\a pc image processing algorithms library\a pc image processing algorithms library\test.cpp(152): warning C4996: 'strcat': This function or variable may be unsafe. Consider using strcat_s instead. To disable deprecation, use _CRT_SECURE_NO_WARNINGS. See online help for details.
                 c:\software\visualstdio\vc\include\string.h(110) : 参见“strcat”的声明
     1>e:\programs\test\a embedded image processing platform\a pc image processing algorithms library\a pc image processing algorithms library\test.cpp(154): warning C4996: 'fopen': This function or variable may be unsafe. Consider using fopen_s instead. To disable deprecation, use _CRT_SECURE_NO_WARNINGS. See online help for details.
                 c:\software\visualstdio\vc\include\stdio.h(234) : 参见“fopen”的声明
     1>e:\programs\test\a embedded image processing platform\a pc image processing algorithms library\a pc image processing algorithms library\test.cpp(207): warning C4244: “参数”: 从“double”转换到“long”，可能丢失数据
     1>e:\programs\test\a embedded image processing platform\a pc image processing algorithms library\a pc image processing algorithms library\test.cpp(219): warning C4996: 'fopen': This function or variable may be unsafe. Consider using fopen_s instead. To disable deprecation, use _CRT_SECURE_NO_WARNINGS. See online help for details.
                 c:\software\visualstdio\vc\include\stdio.h(234) : 参见“fopen”的声明
     1>e:\programs\test\a embedded image processing platform\a pc image processing algorithms library\a pc image processing algorithms library\test.cpp(217): warning C4101: “y”: 未引用的局部变量
     1>e:\programs\test\a embedded image processing platform\a pc image processing algorithms library\a pc image processing algorithms library\test.cpp(244): warning C4101: “thresh_value”: 未引用的局部变量
     1>e:\programs\test\a embedded image processing platform\a pc image processing algorithms library\a pc image processing algorithms library\test.cpp(244): warning C4101: “cur_value”: 未引用的局部变量
     1>e:\programs\test\a embedded image processing platform\a pc image processing algorithms library\a pc image processing algorithms library\test.cpp(302): warning C4101: “thresh_value”: 未引用的局部变量
     1>e:\programs\test\a embedded image processing platform\a pc image processing algorithms library\a pc image processing algorithms library\test.cpp(302): warning C4101: “cur_value”: 未引用的局部变量
     1>e:\programs\test\a embedded image processing platform\a pc image processing algorithms library\a pc image processing algorithms library\test.cpp(374): warning C4101: “thresh_value”: 未引用的局部变量
     1>e:\programs\test\a embedded image processing platform\a pc image processing algorithms library\a pc image processing algorithms library\test.cpp(374): warning C4101: “cur_value”: 未引用的局部变量
     1>e:\programs\test\a embedded image processing platform\a pc image processing algorithms library\a pc image processing algorithms library\test.cpp(556): warning C4101: “thresh_value”: 未引用的局部变量
     1>e:\programs\test\a embedded image processing platform\a pc image processing algorithms library\a pc image processing algorithms library\test.cpp(556): warning C4101: “cur_value”: 未引用的局部变量
     1>e:\programs\test\a embedded image processing platform\a pc image processing algorithms library\a pc image processing algorithms library\test.cpp(650): warning C4244: “=”: 从“double”转换到“float”，可能丢失数据
     1>e:\programs\test\a embedded image processing platform\a pc image processing algorithms library\a pc image processing algorithms library\test.cpp(782): warning C4244: “=”: 从“float”转换到“unsigned char”，可能丢失数据
     1>e:\programs\test\a embedded image processing platform\a pc image processing algorithms library\a pc image processing algorithms library\test.cpp(795): warning C4101: “sum”: 未引用的局部变量
     1>e:\programs\test\a embedded image processing platform\a pc image processing algorithms library\a pc image processing algorithms library\test.cpp(821): warning C4101: “sum”: 未引用的局部变量
     1>e:\programs\test\a embedded image processing platform\a pc image processing algorithms library\a pc image processing algorithms library\test.cpp(943): warning C4554: “&”: 检查运算符优先级可能存在的错误；使用圆括号阐明优先级
     1>e:\programs\test\a embedded image processing platform\a pc image processing algorithms library\a pc image processing algorithms library\test.cpp(946): warning C4554: “&”: 检查运算符优先级可能存在的错误；使用圆括号阐明优先级
     1>e:\programs\test\a embedded image processing platform\a pc image processing algorithms library\a pc image processing algorithms library\test.cpp(1009): warning C4554: “&”: 检查运算符优先级可能存在的错误；使用圆括号阐明优先级
     1>e:\programs\test\a embedded image processing platform\a pc image processing algorithms library\a pc image processing algorithms library\test.cpp(1012): warning C4554: “&”: 检查运算符优先级可能存在的错误；使用圆括号阐明优先级
     1>e:\programs\test\a embedded image processing platform\a pc image processing algorithms library\a pc image processing algorithms library\test.cpp(887): warning C4101: “k”: 未引用的局部变量
     1>e:\programs\test\a embedded image processing platform\a pc image processing algorithms library\a pc image processing algorithms library\test.cpp(1048): warning C4101: “v”: 未引用的局部变量
     1>e:\programs\test\a embedded image processing platform\a pc image processing algorithms library\a pc image processing algorithms library\test.cpp(1353): warning C4101: “sum”: 未引用的局部变量
     1>e:\programs\test\a embedded image processing platform\a pc image processing algorithms library\a pc image processing algorithms library\test.cpp(1425): warning C4244: “=”: 从“double”转换到“int”，可能丢失数据
     1>e:\programs\test\a embedded image processing platform\a pc image processing algorithms library\a pc image processing algorithms library\test.cpp(1426): warning C4244: “=”: 从“double”转换到“int”，可能丢失数据
     1>e:\programs\test\a embedded image processing platform\a pc image processing algorithms library\a pc image processing algorithms library\test.cpp(1402): warning C4101: “sum”: 未引用的局部变量
     1>e:\programs\test\a embedded image processing platform\a pc image processing algorithms library\a pc image processing algorithms library\test.cpp(1452): warning C4101: “temp_topbound”: 未引用的局部变量
     1>e:\programs\test\a embedded image processing platform\a pc image processing algorithms library\a pc image processing algorithms library\test.cpp(1452): warning C4101: “temp_leftbound”: 未引用的局部变量
     1>e:\programs\test\a embedded image processing platform\a pc image processing algorithms library\a pc image processing algorithms library\test.cpp(1076): warning C4700: 使用了未初始化的局部变量“sum”
       ManifestResourceCompile:
         C:\Program Files (x86)\Microsoft SDKs\Windows\v7.0A\bin\rc.exe /nologo /fo"Debug\A PC image processing algorithms library.exe.embed.manifest.res" "Debug\A PC image processing algorithms library_manifest.rc" 
       Link:
         C:\Software\visualstdio\VC\bin\link.exe /ERRORREPORT:PROMPT /OUT:"E:\Programs\Test\A embedded image processing platform\A PC image processing algorithms library\Debug\A PC image processing algorithms library.exe" /INCREMENTAL /NOLOGO kernel32.lib user32.lib gdi32.lib winspool.lib comdlg32.lib advapi32.lib shell32.lib ole32.lib oleaut32.lib uuid.lib odbc32.lib odbccp32.lib /MANIFEST /ManifestFile:"Debug\A PC image processing algorithms library.exe.intermediate.manifest" /MANIFESTUAC:"level='asInvoker' uiAccess='false'" /DEBUG /PDB:"E:\Programs\Test\A embedded image processing platform\A PC image processing algorithms library\Debug\A PC image processing algorithms library.pdb" /SUBSYSTEM:CONSOLE /TLBID:1 /DYNAMICBASE /NXCOMPAT /IMPLIB:"E:\Programs\Test\A embedded image processing platform\A PC image processing algorithms library\Debug\A PC image processing algorithms library.lib" /MACHINE:X86 "Debug\A PC image processing algorithms library.exe.embed.manifest.res"
         Debug\test.obj
       Manifest:
         C:\Program Files (x86)\Microsoft SDKs\Windows\v7.0A\bin\mt.exe /nologo /verbose /out:"Debug\A PC image processing algorithms library.exe.embed.manifest" /manifest "Debug\A PC image processing algorithms library.exe.intermediate.manifest"
         C:\Program Files (x86)\Microsoft SDKs\Windows\v7.0A\bin\rc.exe /nologo /fo"Debug\A PC image processing algorithms library.exe.embed.manifest.res" "Debug\A PC image processing algorithms library_manifest.rc" 
       LinkEmbedManifest:
         C:\Software\visualstdio\VC\bin\link.exe /ERRORREPORT:PROMPT /OUT:"E:\Programs\Test\A embedded image processing platform\A PC image processing algorithms library\Debug\A PC image processing algorithms library.exe" /INCREMENTAL /NOLOGO kernel32.lib user32.lib gdi32.lib winspool.lib comdlg32.lib advapi32.lib shell32.lib ole32.lib oleaut32.lib uuid.lib odbc32.lib odbccp32.lib /MANIFEST /ManifestFile:"Debug\A PC image processing algorithms library.exe.intermediate.manifest" /MANIFESTUAC:"level='asInvoker' uiAccess='false'" /DEBUG /PDB:"E:\Programs\Test\A embedded image processing platform\A PC image processing algorithms library\Debug\A PC image processing algorithms library.pdb" /SUBSYSTEM:CONSOLE /TLBID:1 /DYNAMICBASE /NXCOMPAT /IMPLIB:"E:\Programs\Test\A embedded image processing platform\A PC image processing algorithms library\Debug\A PC image processing algorithms library.lib" /MACHINE:X86 "Debug\A PC image processing algorithms library.exe.embed.manifest.res"
         Debug\test.obj
         A PC image processing algorithms library.vcxproj -> E:\Programs\Test\A embedded image processing platform\A PC image processing algorithms library\Debug\A PC image processing algorithms library.exe
       FinalizeBuildStatus:
         正在删除文件“Debug\A PC image processing algorithms library.unsuccessfulbuild”。
         正在对“Debug\A PC image processing algorithms library.lastbuildstate”执行 Touch 任务。
     1>已完成生成项目“E:\Programs\Test\A embedded image processing platform\A PC image processing algorithms library\A PC image processing algorithms library\A PC image processing algorithms library.vcxproj”(build 个目标)的操作。

生成成功。

已用时间 00:00:01.14
